[2023-03-03 15:12:18Z INFO HostContext] No proxy settings were found based on environmental variables (http_proxy/https_proxy/HTTP_PROXY/HTTPS_PROXY)
[2023-03-03 15:12:18Z INFO HostContext] Well known directory 'Bin': '/Users/britt/Downloads/myblog/actions-runner/bin'
[2023-03-03 15:12:18Z INFO HostContext] Well known directory 'Root': '/Users/britt/Downloads/myblog/actions-runner'
[2023-03-03 15:12:18Z INFO HostContext] Well known config file 'Credentials': '/Users/britt/Downloads/myblog/actions-runner/.credentials'
[2023-03-03 15:12:18Z INFO HostContext] Well known directory 'Bin': '/Users/britt/Downloads/myblog/actions-runner/bin'
[2023-03-03 15:12:18Z INFO HostContext] Well known directory 'Root': '/Users/britt/Downloads/myblog/actions-runner'
[2023-03-03 15:12:18Z INFO HostContext] Well known config file 'Runner': '/Users/britt/Downloads/myblog/actions-runner/.runner'
[2023-03-03 15:12:18Z INFO Listener] Runner is built for OSX (X64) - osx-x64.
[2023-03-03 15:12:18Z INFO Listener] RuntimeInformation: Darwin 22.1.0 Darwin Kernel Version 22.1.0: Sun Oct  9 20:14:54 PDT 2022; root:xnu-8792.41.9~2/RELEASE_X86_64.
[2023-03-03 15:12:18Z INFO Listener] Version: 2.302.1
[2023-03-03 15:12:18Z INFO Listener] Commit: b3492cb90f7a757c5a39196f956340fbbbae14d1
[2023-03-03 15:12:18Z INFO Listener] Culture: en-US
[2023-03-03 15:12:18Z INFO Listener] UI Culture: en-US
[2023-03-03 15:12:18Z INFO HostContext] Well known directory 'Bin': '/Users/britt/Downloads/myblog/actions-runner/bin'
[2023-03-03 15:12:18Z INFO HostContext] Well known directory 'Root': '/Users/britt/Downloads/myblog/actions-runner'
[2023-03-03 15:12:18Z INFO Listener] Validating directory permissions for: '/Users/britt/Downloads/myblog/actions-runner'
[2023-03-03 15:12:18Z INFO CommandLineParser] Parse
[2023-03-03 15:12:18Z INFO CommandLineParser] Parsing 5 args
[2023-03-03 15:12:18Z INFO CommandLineParser] parsing argument
[2023-03-03 15:12:18Z INFO CommandLineParser] HasArgs: False
[2023-03-03 15:12:18Z INFO CommandLineParser] Adding Command: configure
[2023-03-03 15:12:18Z INFO CommandLineParser] parsing argument
[2023-03-03 15:12:18Z INFO CommandLineParser] HasArgs: True
[2023-03-03 15:12:18Z INFO CommandLineParser] arg: url
[2023-03-03 15:12:18Z INFO CommandLineParser] parsing argument
[2023-03-03 15:12:18Z INFO CommandLineParser] HasArgs: True
[2023-03-03 15:12:18Z INFO CommandLineParser] Adding option 'url': 'https://github.com/bd6981/myblog-java'
[2023-03-03 15:12:18Z INFO CommandLineParser] parsing argument
[2023-03-03 15:12:18Z INFO CommandLineParser] HasArgs: True
[2023-03-03 15:12:18Z INFO CommandLineParser] arg: token
[2023-03-03 15:12:18Z INFO CommandLineParser] parsing argument
[2023-03-03 15:12:18Z INFO CommandLineParser] HasArgs: True
[2023-03-03 15:12:18Z INFO CommandLineParser] Adding option 'token': '***'
[2023-03-03 15:12:18Z INFO Listener] Arguments parsed
[2023-03-03 15:12:19Z INFO Runner] ExecuteCommand
[2023-03-03 15:12:19Z INFO ConfigurationStore] currentAssemblyLocation: /Users/britt/Downloads/myblog/actions-runner/bin/Runner.Listener.dll
[2023-03-03 15:12:19Z INFO HostContext] Well known directory 'Bin': '/Users/britt/Downloads/myblog/actions-runner/bin'
[2023-03-03 15:12:19Z INFO ConfigurationStore] binPath: /Users/britt/Downloads/myblog/actions-runner/bin
[2023-03-03 15:12:19Z INFO HostContext] Well known directory 'Bin': '/Users/britt/Downloads/myblog/actions-runner/bin'
[2023-03-03 15:12:19Z INFO HostContext] Well known directory 'Root': '/Users/britt/Downloads/myblog/actions-runner'
[2023-03-03 15:12:19Z INFO ConfigurationStore] RootFolder: /Users/britt/Downloads/myblog/actions-runner
[2023-03-03 15:12:19Z INFO HostContext] Well known directory 'Bin': '/Users/britt/Downloads/myblog/actions-runner/bin'
[2023-03-03 15:12:19Z INFO HostContext] Well known directory 'Root': '/Users/britt/Downloads/myblog/actions-runner'
[2023-03-03 15:12:19Z INFO HostContext] Well known config file 'Runner': '/Users/britt/Downloads/myblog/actions-runner/.runner'
[2023-03-03 15:12:19Z INFO ConfigurationStore] ConfigFilePath: /Users/britt/Downloads/myblog/actions-runner/.runner
[2023-03-03 15:12:19Z INFO HostContext] Well known directory 'Bin': '/Users/britt/Downloads/myblog/actions-runner/bin'
[2023-03-03 15:12:19Z INFO HostContext] Well known directory 'Root': '/Users/britt/Downloads/myblog/actions-runner'
[2023-03-03 15:12:19Z INFO HostContext] Well known config file 'Credentials': '/Users/britt/Downloads/myblog/actions-runner/.credentials'
[2023-03-03 15:12:19Z INFO ConfigurationStore] CredFilePath: /Users/britt/Downloads/myblog/actions-runner/.credentials
[2023-03-03 15:12:19Z INFO HostContext] Well known directory 'Bin': '/Users/britt/Downloads/myblog/actions-runner/bin'
[2023-03-03 15:12:19Z INFO HostContext] Well known directory 'Root': '/Users/britt/Downloads/myblog/actions-runner'
[2023-03-03 15:12:19Z INFO HostContext] Well known config file 'MigratedCredentials': '/Users/britt/Downloads/myblog/actions-runner/.credentials_migrated'
[2023-03-03 15:12:19Z INFO ConfigurationStore] MigratedCredFilePath: /Users/britt/Downloads/myblog/actions-runner/.credentials_migrated
[2023-03-03 15:12:19Z INFO HostContext] Well known directory 'Bin': '/Users/britt/Downloads/myblog/actions-runner/bin'
[2023-03-03 15:12:19Z INFO HostContext] Well known directory 'Root': '/Users/britt/Downloads/myblog/actions-runner'
[2023-03-03 15:12:19Z INFO HostContext] Well known config file 'Service': '/Users/britt/Downloads/myblog/actions-runner/.service'
[2023-03-03 15:12:19Z INFO ConfigurationStore] ServiceConfigFilePath: /Users/britt/Downloads/myblog/actions-runner/.service
[2023-03-03 15:12:19Z INFO CommandSettings] Flag 'help': 'False'
[2023-03-03 15:12:19Z INFO CommandSettings] Flag 'version': 'False'
[2023-03-03 15:12:19Z INFO CommandSettings] Flag 'commit': 'False'
[2023-03-03 15:12:19Z INFO CommandSettings] Flag 'check': 'False'
[2023-03-03 15:12:19Z INFO CommandSettings] Command 'configure': 'True'
[2023-03-03 15:12:19Z INFO Terminal] WRITE LINE: 
[2023-03-03 15:12:19Z INFO Terminal] WRITE LINE: --------------------------------------------------------------------------------
[2023-03-03 15:12:19Z INFO Terminal] WRITE LINE: |        ____ _ _   _   _       _          _        _   _                      |
[2023-03-03 15:12:19Z INFO Terminal] WRITE LINE: |       / ___(_) |_| | | |_   _| |__      / \   ___| |_(_) ___  _ __  ___      |
[2023-03-03 15:12:19Z INFO Terminal] WRITE LINE: |      | |  _| | __| |_| | | | | '_ \    / _ \ / __| __| |/ _ \| '_ \/ __|     |
[2023-03-03 15:12:19Z INFO Terminal] WRITE LINE: |      | |_| | | |_|  _  | |_| | |_) |  / ___ \ (__| |_| | (_) | | | \__ \     |
[2023-03-03 15:12:19Z INFO Terminal] WRITE LINE: |       \____|_|\__|_| |_|\__,_|_.__/  /_/   \_\___|\__|_|\___/|_| |_|___/     |
[2023-03-03 15:12:19Z INFO Terminal] WRITE LINE: |                                                                              |
[2023-03-03 15:12:19Z INFO Terminal] WRITE: |                       
[2023-03-03 15:12:19Z INFO Terminal] WRITE: Self-hosted runner registration
[2023-03-03 15:12:19Z INFO Terminal] WRITE LINE:                         |
[2023-03-03 15:12:19Z INFO Terminal] WRITE LINE: |                                                                              |
[2023-03-03 15:12:19Z INFO Terminal] WRITE LINE: --------------------------------------------------------------------------------
[2023-03-03 15:12:19Z INFO ConfigurationManager] ConfigureAsync
[2023-03-03 15:12:19Z INFO CommandSettings] Flag 'generateServiceConfig': 'False'
[2023-03-03 15:12:19Z INFO ConfigurationStore] IsConfigured()
[2023-03-03 15:12:19Z INFO ConfigurationStore] IsConfigured: False
[2023-03-03 15:12:19Z INFO ConfigurationManager] Is configured: False
[2023-03-03 15:12:19Z INFO CommandSettings] Arg 'url': 'https://github.com/bd6981/myblog-java'
[2023-03-03 15:12:19Z INFO CommandSettings] Remove url from Arg dictionary.
[2023-03-03 15:12:19Z INFO CommandSettings] Arg 'token': '***'
[2023-03-03 15:12:19Z INFO CommandSettings] Remove token from Arg dictionary.
[2023-03-03 15:12:22Z INFO ConfigurationManager] Http response code: OK from 'POST https://api.github.com/actions/runner-registration' (E3B5:6028:16461E6:2DC2BC6:64020E55)
[2023-03-03 15:12:22Z INFO ConfigurationManager] cred retrieved via GitHub auth
[2023-03-03 15:12:22Z INFO RunnerServer] EstablishVssConnection
[2023-03-03 15:12:22Z INFO RunnerServer] Establish connection with 100 seconds timeout.
[2023-03-03 15:12:23Z INFO GitHubActionsService] Starting operation Location.GetConnectionData
[2023-03-03 15:12:23Z INFO RunnerServer] EstablishVssConnection
[2023-03-03 15:12:23Z INFO RunnerServer] Establish connection with 60 seconds timeout.
[2023-03-03 15:12:23Z INFO GitHubActionsService] Starting operation Location.GetConnectionData
[2023-03-03 15:12:23Z INFO RunnerServer] EstablishVssConnection
[2023-03-03 15:12:23Z INFO RunnerServer] Establish connection with 60 seconds timeout.
[2023-03-03 15:12:23Z INFO GitHubActionsService] Starting operation Location.GetConnectionData
[2023-03-03 15:12:24Z INFO GitHubActionsService] Finished operation Location.GetConnectionData
[2023-03-03 15:12:24Z INFO GitHubActionsService] Finished operation Location.GetConnectionData
[2023-03-03 15:12:24Z INFO GitHubActionsService] Finished operation Location.GetConnectionData
[2023-03-03 15:12:24Z INFO Terminal] WRITE LINE: 
[2023-03-03 15:12:24Z INFO ConfigurationManager] Test Connection complete.
[2023-03-03 15:12:24Z INFO HostContext] Well known directory 'Bin': '/Users/britt/Downloads/myblog/actions-runner/bin'
[2023-03-03 15:12:24Z INFO HostContext] Well known directory 'Root': '/Users/britt/Downloads/myblog/actions-runner'
[2023-03-03 15:12:24Z INFO HostContext] Well known config file 'RSACredentials': '/Users/britt/Downloads/myblog/actions-runner/.credentials_rsaparams'
[2023-03-03 15:12:24Z INFO RSAFileKeyManager] Creating new RSA key using 2048-bit key length
[2023-03-03 15:12:25Z INFO RSAFileKeyManager] Successfully saved RSA key parameters to file /Users/britt/Downloads/myblog/actions-runner/.credentials_rsaparams
[2023-03-03 15:12:25Z INFO RSAFileKeyManager] Which: 'chmod'
[2023-03-03 15:12:25Z INFO RSAFileKeyManager] Location: '/bin/chmod'
[2023-03-03 15:12:25Z INFO HostContext] Well known directory 'Bin': '/Users/britt/Downloads/myblog/actions-runner/bin'
[2023-03-03 15:12:25Z INFO HostContext] Well known directory 'Root': '/Users/britt/Downloads/myblog/actions-runner'
[2023-03-03 15:12:25Z INFO ProcessInvokerWrapper] Starting process:
[2023-03-03 15:12:25Z INFO ProcessInvokerWrapper]   File name: '/bin/chmod'
[2023-03-03 15:12:25Z INFO ProcessInvokerWrapper]   Arguments: '600 /Users/britt/Downloads/myblog/actions-runner/.credentials_rsaparams'
[2023-03-03 15:12:25Z INFO ProcessInvokerWrapper]   Working directory: '/Users/britt/Downloads/myblog/actions-runner'
[2023-03-03 15:12:25Z INFO ProcessInvokerWrapper]   Require exit code zero: 'False'
[2023-03-03 15:12:25Z INFO ProcessInvokerWrapper]   Encoding web name:  ; code page: ''
[2023-03-03 15:12:25Z INFO ProcessInvokerWrapper]   Force kill process on cancellation: 'False'
[2023-03-03 15:12:25Z INFO ProcessInvokerWrapper]   Redirected STDIN: 'False'
[2023-03-03 15:12:25Z INFO ProcessInvokerWrapper]   Persist current code page: 'False'
[2023-03-03 15:12:25Z INFO ProcessInvokerWrapper]   Keep redirected STDIN open: 'False'
[2023-03-03 15:12:25Z INFO ProcessInvokerWrapper]   High priority process: 'False'
[2023-03-03 15:12:26Z INFO ProcessInvokerWrapper] STDOUT/STDERR stream read finished.
[2023-03-03 15:12:26Z INFO ProcessInvokerWrapper] Process started with process id 42094, waiting for process exit.
[2023-03-03 15:12:26Z INFO ProcessInvokerWrapper] STDOUT/STDERR stream read finished.
[2023-03-03 15:12:26Z INFO ProcessInvokerWrapper] Finished process 42094 with exit code 0, and elapsed time 00:00:00.4942742.
[2023-03-03 15:12:26Z INFO RSAFileKeyManager] Successfully set permissions for RSA key parameters file /Users/britt/Downloads/myblog/actions-runner/.credentials_rsaparams
[2023-03-03 15:12:26Z INFO CommandSettings] Arg 'runnergroup': ''
[2023-03-03 15:12:26Z INFO CommandSettings] Flag 'unattended': 'False'
[2023-03-03 15:12:26Z INFO PromptManager] ReadValue
[2023-03-03 15:12:26Z INFO Terminal] WRITE: Enter the name of the runner group to add this runner to: 
[2023-03-03 15:12:26Z INFO Terminal] WRITE: [press Enter for Default] 
[2023-03-03 15:12:26Z INFO Terminal] READ LINE
[2023-03-03 15:12:37Z INFO Terminal] Read value: ''
[2023-03-03 15:12:37Z INFO PromptManager] Falling back to the default: 'Default'
[2023-03-03 15:12:37Z INFO Terminal] WRITE LINE: 
[2023-03-03 15:12:37Z INFO ConfigurationManager] Found a self-hosted runner group with id 1 and name Default
[2023-03-03 15:12:37Z INFO CommandSettings] Flag 'disableupdate': 'False'
[2023-03-03 15:12:37Z INFO CommandSettings] Flag 'ephemeral': 'False'
[2023-03-03 15:12:37Z INFO CommandSettings] Arg 'name': ''
[2023-03-03 15:12:37Z INFO CommandSettings] Flag 'unattended': 'False'
[2023-03-03 15:12:37Z INFO PromptManager] ReadValue
[2023-03-03 15:12:37Z INFO Terminal] WRITE: Enter the name of runner: 
[2023-03-03 15:12:37Z INFO Terminal] WRITE: [press Enter for Brittanys-Mini] 
[2023-03-03 15:12:37Z INFO Terminal] READ LINE
[2023-03-03 15:12:44Z INFO Terminal] Read value: ''
[2023-03-03 15:12:44Z INFO PromptManager] Falling back to the default: 'Brittanys-Mini'
[2023-03-03 15:12:44Z INFO Terminal] WRITE LINE: 
[2023-03-03 15:12:44Z INFO CommandSettings] Arg 'labels': ''
[2023-03-03 15:12:44Z INFO CommandSettings] Flag 'unattended': 'False'
[2023-03-03 15:12:44Z INFO PromptManager] ReadValue
[2023-03-03 15:12:44Z INFO Terminal] WRITE: This runner will have the following labels: 'self-hosted', 'macOS', 'X64' 
Enter any additional labels (ex. label-1,label-2): 
[2023-03-03 15:12:44Z INFO Terminal] WRITE: [press Enter to skip] 
[2023-03-03 15:12:44Z INFO Terminal] READ LINE
[2023-03-03 15:12:50Z INFO Terminal] Read value: ''
[2023-03-03 15:12:50Z INFO Terminal] WRITE LINE: 
[2023-03-03 15:12:50Z INFO CommandSettings] Flag 'disableupdate': 'False'
[2023-03-03 15:12:50Z INFO CommandSettings] Flag 'disableupdate': 'False'
[2023-03-03 15:12:50Z INFO CommandSettings] Flag 'ephemeral': 'False'
[2023-03-03 15:12:50Z INFO ConfigurationStore] Saving OAuth credential @ /Users/britt/Downloads/myblog/actions-runner/.credentials
[2023-03-03 15:12:50Z INFO ConfigurationStore] Credentials Saved.
[2023-03-03 15:12:50Z INFO ConfigurationStore] HasCredentials()
[2023-03-03 15:12:50Z INFO ConfigurationStore] stored True
[2023-03-03 15:12:50Z INFO CredentialManager] GetCredentialProvider
[2023-03-03 15:12:50Z INFO CredentialManager] Creating type OAuth
[2023-03-03 15:12:50Z INFO CredentialManager] Creating credential type: OAuth
[2023-03-03 15:12:50Z INFO RSAFileKeyManager] Loading RSA key parameters from file /Users/britt/Downloads/myblog/actions-runner/.credentials_rsaparams
[2023-03-03 15:12:50Z INFO RunnerServer] EstablishVssConnection
[2023-03-03 15:12:50Z INFO RunnerServer] Establish connection with 100 seconds timeout.
[2023-03-03 15:12:50Z INFO GitHubActionsService] Starting operation Location.GetConnectionData
[2023-03-03 15:12:50Z INFO RunnerServer] EstablishVssConnection
[2023-03-03 15:12:50Z INFO RunnerServer] Establish connection with 60 seconds timeout.
[2023-03-03 15:12:50Z INFO GitHubActionsService] Starting operation Location.GetConnectionData
[2023-03-03 15:12:50Z INFO RunnerServer] EstablishVssConnection
[2023-03-03 15:12:50Z INFO RunnerServer] Establish connection with 60 seconds timeout.
[2023-03-03 15:12:50Z INFO GitHubActionsService] Starting operation Location.GetConnectionData
[2023-03-03 15:12:50Z INFO GitHubActionsService] Finished operation Location.GetConnectionData
[2023-03-03 15:12:51Z INFO GitHubActionsService] Finished operation Location.GetConnectionData
[2023-03-03 15:12:51Z INFO GitHubActionsService] Finished operation Location.GetConnectionData
[2023-03-03 15:12:51Z INFO RSAFileKeyManager] Loading RSA key parameters from file /Users/britt/Downloads/myblog/actions-runner/.credentials_rsaparams
[2023-03-03 15:12:51Z INFO RSAFileKeyManager] Loading RSA key parameters from file /Users/britt/Downloads/myblog/actions-runner/.credentials_rsaparams
[2023-03-03 15:12:51Z INFO GitHubActionsService] AAD Correlation ID for this token request: Unknown
[2023-03-03 15:12:51Z INFO CommandSettings] Arg 'work': ''
[2023-03-03 15:12:51Z INFO CommandSettings] Flag 'unattended': 'False'
[2023-03-03 15:12:51Z INFO PromptManager] ReadValue
[2023-03-03 15:12:51Z INFO Terminal] WRITE: Enter name of work folder: 
[2023-03-03 15:12:51Z INFO Terminal] WRITE: [press Enter for _work] 
[2023-03-03 15:12:51Z INFO Terminal] READ LINE
[2023-03-03 15:12:56Z INFO Terminal] Read value: ''
[2023-03-03 15:12:56Z INFO PromptManager] Falling back to the default: '_work'
[2023-03-03 15:12:56Z INFO ConfigurationStore] Saving runner settings.
[2023-03-03 15:12:56Z INFO ConfigurationStore] Settings Saved.
[2023-03-03 15:12:56Z INFO Terminal] WRITE LINE: 
[2023-03-03 15:12:56Z INFO Terminal] WRITE LINE: 
[2023-03-03 15:12:56Z INFO OsxServiceControlManager] Service name 'actions.runner.bd6981-myblog-java.Brittanys-Mini' display name 'GitHub Actions Runner (bd6981-myblog-java.Brittanys-Mini)' will be used for service configuration.
[2023-03-03 15:12:56Z INFO HostContext] Well known directory 'Bin': '/Users/britt/Downloads/myblog/actions-runner/bin'
[2023-03-03 15:12:56Z INFO HostContext] Well known directory 'Root': '/Users/britt/Downloads/myblog/actions-runner'
[2023-03-03 15:12:56Z INFO HostContext] Well known directory 'Bin': '/Users/britt/Downloads/myblog/actions-runner/bin'
[2023-03-03 15:12:56Z INFO HostContext] Well known directory 'Bin': '/Users/britt/Downloads/myblog/actions-runner/bin'
[2023-03-03 15:12:56Z INFO HostContext] Well known directory 'Root': '/Users/britt/Downloads/myblog/actions-runner'
[2023-03-03 15:12:56Z INFO UnixUtil] Which: 'chmod'
[2023-03-03 15:12:56Z INFO UnixUtil] Location: '/bin/chmod'
[2023-03-03 15:12:56Z INFO UnixUtil] Running /bin/chmod 755 "/Users/britt/Downloads/myblog/actions-runner/svc.sh"
[2023-03-03 15:12:56Z INFO ProcessInvokerWrapper] Starting process:
[2023-03-03 15:12:56Z INFO ProcessInvokerWrapper]   File name: '/bin/chmod'
[2023-03-03 15:12:56Z INFO ProcessInvokerWrapper]   Arguments: '755 "/Users/britt/Downloads/myblog/actions-runner/svc.sh"'
[2023-03-03 15:12:56Z INFO ProcessInvokerWrapper]   Working directory: '/Users/britt/Downloads/myblog/actions-runner'
[2023-03-03 15:12:56Z INFO ProcessInvokerWrapper]   Require exit code zero: 'True'
[2023-03-03 15:12:56Z INFO ProcessInvokerWrapper]   Encoding web name:  ; code page: ''
[2023-03-03 15:12:56Z INFO ProcessInvokerWrapper]   Force kill process on cancellation: 'False'
[2023-03-03 15:12:56Z INFO ProcessInvokerWrapper]   Redirected STDIN: 'False'
[2023-03-03 15:12:56Z INFO ProcessInvokerWrapper]   Persist current code page: 'False'
[2023-03-03 15:12:56Z INFO ProcessInvokerWrapper]   Keep redirected STDIN open: 'False'
[2023-03-03 15:12:56Z INFO ProcessInvokerWrapper]   High priority process: 'False'
[2023-03-03 15:12:56Z INFO ProcessInvokerWrapper] STDOUT/STDERR stream read finished.
[2023-03-03 15:12:56Z INFO ProcessInvokerWrapper] Process started with process id 42129, waiting for process exit.
[2023-03-03 15:12:56Z INFO ProcessInvokerWrapper] STDOUT/STDERR stream read finished.
[2023-03-03 15:12:56Z INFO ProcessInvokerWrapper] Finished process 42129 with exit code 0, and elapsed time 00:00:00.0666024.
[2023-03-03 15:12:56Z INFO Listener] Runner execution has finished with return code 0
